[2024-10-04 09:17:53.023 PM] [31merror[39m: 	[31m[CompaniessService] companyId (1549566184) resource not exist[39m
[2024-10-04 09:22:04.648 PM] [31merror[39m: 	[31mCannot read properties of undefined (reading 'deletedCustomerId')[39m
[2024-10-04 09:23:29.192 PM] [31merror[39m: 	[31m[CompaniessService] companyId (1549566184) resource not exist[39m
[2024-10-04 09:25:57.372 PM] [31merror[39m: 	[31m[CompaniessService] companyId (1549664488) resource not exist[39m
[2024-10-04 09:31:11.214 PM] [31merror[39m: 	[31m[CompaniessService] companyId (9) resource not exist[39m
[2024-10-04 09:31:47.178 PM] [31merror[39m: 	[31m[CompaniessService] companyId (9) resource not exist[39m
[2024-10-04 09:32:03.336 PM] [31merror[39m: 	[31m[CompaniessService] companyId (9) resource not exist[39m
[2024-10-04 09:32:54.106 PM] [32minfo[39m: 	[32mAll models were synchronized successfully.[39m
[2024-10-04 09:32:54.107 PM] [32minfo[39m: 	[32m[server]: Server is running at http://localhost:3000[39m
[2024-10-04 09:34:55.692 PM] [32minfo[39m: 	[32mAll models were synchronized successfully.[39m
[2024-10-04 09:34:55.692 PM] [32minfo[39m: 	[32m[server]: Server is running at http://localhost:3000[39m
[2024-10-04 09:35:02.326 PM] [32minfo[39m: 	[32mAll models were synchronized successfully.[39m
[2024-10-04 09:35:02.327 PM] [32minfo[39m: 	[32m[server]: Server is running at http://localhost:3000[39m
[2024-10-04 09:58:29.827 PM] [32minfo[39m: 	[32mAll models were synchronized successfully.[39m
[2024-10-04 09:58:29.828 PM] [32minfo[39m: 	[32m[server]: Server is running at http://localhost:3000[39m
[2024-10-04 10:11:12.806 PM] [32minfo[39m: 	[32mAll models were synchronized successfully.[39m
[2024-10-04 10:11:12.807 PM] [32minfo[39m: 	[32m[server]: Server is running at http://localhost:3000[39m
[2024-10-04 10:25:59.026 PM] [31merror[39m: 	[31m[CustomersService] customerId (8) resource not exist[39m
[2024-10-04 10:28:19.407 PM] [32minfo[39m: 	[32mAll models were synchronized successfully.[39m
[2024-10-04 10:28:19.408 PM] [32minfo[39m: 	[32m[server]: Server is running at http://localhost:3000[39m
[2024-10-04 10:29:19.582 PM] [31merror[39m: 	[31m[CustomersService] customerId (9) resource not exist[39m
